<?xml version='1.0' encoding='UTF-8' ?>
<testsuite name="com.paykit.demo.DirectoryE2ETest" tests="50" failures="0" errors="0" skipped="0" time="0.741" timestamp="2025-12-14T19:20:32" hostname="localhost">
  <properties>
    <property name="device" value="Medium_Phone_API_36.1(AVD) - 16" />
    <property name="flavor" value="" />
    <property name="project" value=":app" />
  </properties>
  <testcase name="testPublishEndpoint" classname="com.paykit.demo.DirectoryE2ETest" time="0.004" />
  <testcase name="testDiscoverNonExistentEndpoint" classname="com.paykit.demo.DirectoryE2ETest" time="0.0" />
  <testcase name="testEndpointWithDomain" classname="com.paykit.demo.DirectoryE2ETest" time="0.0" />
  <testcase name="testRemoveEndpoint" classname="com.paykit.demo.DirectoryE2ETest" time="0.001" />
  <testcase name="testClearAllEndpoints" classname="com.paykit.demo.DirectoryE2ETest" time="0.002" />
  <testcase name="testPublishManyEndpoints" classname="com.paykit.demo.DirectoryE2ETest" time="0.058" />
  <testcase name="testDiscoverMultipleEndpoints" classname="com.paykit.demo.DirectoryE2ETest" time="0.001" />
  <testcase name="testEndpointWithSpecialMetadata" classname="com.paykit.demo.DirectoryE2ETest" time="0.001" />
  <testcase name="testDiscoverExistingEndpoint" classname="com.paykit.demo.DirectoryE2ETest" time="0.001" />
  <testcase name="testRemoveNonExistentEndpoint" classname="com.paykit.demo.DirectoryE2ETest" time="0.001" />
  <testcase name="testEndpointWithLongMetadata" classname="com.paykit.demo.DirectoryE2ETest" time="0.001" />
  <testcase name="testEndpointWithIPv6" classname="com.paykit.demo.DirectoryE2ETest" time="0.002" />
  <testcase name="testUpdateEndpoint" classname="com.paykit.demo.DirectoryE2ETest" time="0.0" />
  <testcase name="testPublishEndpointWithoutMetadata" classname="com.paykit.demo.DirectoryE2ETest" time="0.002" />
  <testcase name="testEndpointWithLocalhost" classname="com.paykit.demo.DirectoryE2ETest" time="0.001" />
  <testcase name="testPublicKeyFormat" classname="com.paykit.demo.KeyManagementE2ETest" time="0.001" />
  <testcase name="testGetPublicKey" classname="com.paykit.demo.KeyManagementE2ETest" time="0.001" />
  <testcase name="testCreateManyIdentities" classname="com.paykit.demo.KeyManagementE2ETest" time="0.001" />
  <testcase name="testRapidIdentitySwitching" classname="com.paykit.demo.KeyManagementE2ETest" time="0.001" />
  <testcase name="testSecretKeyGeneration" classname="com.paykit.demo.KeyManagementE2ETest" time="0.001" />
  <testcase name="testCreateIdentity" classname="com.paykit.demo.KeyManagementE2ETest" time="0.001" />
  <testcase name="testSetNonExistentIdentity" classname="com.paykit.demo.KeyManagementE2ETest" time="0.002" />
  <testcase name="testNoCurrentIdentityInitially" classname="com.paykit.demo.KeyManagementE2ETest" time="0.001" />
  <testcase name="testKeyCaching" classname="com.paykit.demo.KeyManagementE2ETest" time="0.001" />
  <testcase name="testCreateMultipleIdentities" classname="com.paykit.demo.KeyManagementE2ETest" time="0.001" />
  <testcase name="testSwitchIdentity" classname="com.paykit.demo.KeyManagementE2ETest" time="0.002" />
  <testcase name="testSecretKeysAreUnique" classname="com.paykit.demo.KeyManagementE2ETest" time="0.001" />
  <testcase name="testNoiseKeyDerivation" classname="com.paykit.demo.KeyManagementE2ETest" time="0.001" />
  <testcase name="testCreatePaymentRequestWithOptionalFields" classname="com.paykit.demo.NoisePaymentE2ETest" time="0.001" />
  <testcase name="testCompletePaymentFlowMocked" classname="com.paykit.demo.NoisePaymentE2ETest" time="0.029" />
  <testcase name="testReceiptNotFound" classname="com.paykit.demo.NoisePaymentE2ETest" time="0.001" />
  <testcase name="testPaymentRequestWithZeroAmount" classname="com.paykit.demo.NoisePaymentE2ETest" time="0.001" />
  <testcase name="testPaymentWithNoIdentity" classname="com.paykit.demo.NoisePaymentE2ETest" time="0.002" />
  <testcase name="testReceiptStorage" classname="com.paykit.demo.NoisePaymentE2ETest" time="0.0" />
  <testcase name="testPaymentFlowEndpointNotFound" classname="com.paykit.demo.NoisePaymentE2ETest" time="0.001" />
  <testcase name="testCreateReceiptConfirmation" classname="com.paykit.demo.NoisePaymentE2ETest" time="0.001" />
  <testcase name="testCreatePaymentRequest" classname="com.paykit.demo.NoisePaymentE2ETest" time="0.0" />
  <testcase name="testMultipleConcurrentPayments" classname="com.paykit.demo.NoisePaymentE2ETest" time="0.001" />
  <testcase name="testServerConfigDefaults" classname="com.paykit.demo.ServerModeE2ETest" time="0.001" />
  <testcase name="testServerWithEndpointPublishing" classname="com.paykit.demo.ServerModeE2ETest" time="0.001" />
  <testcase name="testServerRestart" classname="com.paykit.demo.ServerModeE2ETest" time="0.001" />
  <testcase name="testServerConfigCreation" classname="com.paykit.demo.ServerModeE2ETest" time="0.0" />
  <testcase name="testClientDisconnectHandling" classname="com.paykit.demo.ServerModeE2ETest" time="0.001" />
  <testcase name="testServerLifecycle" classname="com.paykit.demo.ServerModeE2ETest" time="0.001" />
  <testcase name="testProcessPaymentRequest" classname="com.paykit.demo.ServerModeE2ETest" time="0.0" />
  <testcase name="testProcessInvalidMessage" classname="com.paykit.demo.ServerModeE2ETest" time="0.001" />
  <testcase name="testMultipleClientConnections" classname="com.paykit.demo.ServerModeE2ETest" time="0.001" />
  <testcase name="testMaxConnectionsReached" classname="com.paykit.demo.ServerModeE2ETest" time="0.001" />
  <testcase name="testSingleClientConnection" classname="com.paykit.demo.ServerModeE2ETest" time="0.001" />
  <testcase name="testReceiptGeneration" classname="com.paykit.demo.ServerModeE2ETest" time="0.001" />
</testsuite>